This is pdfTeX, Version 3.141592653-2.6-1.40.24 (TeX Live 2022/Homebrew) (preloaded format=pdflatex 2022.9.2)  23 DEC 2022 19:55
entering extended mode
 \write18 enabled.
 file:line:error style messages enabled.
 %&-line parsing enabled.
**"/Users/heejinchae/Documents/github/Rhino/LectureNote/Template for Springer Monographs/book.tex"
(/Users/heejinchae/Documents/github/Rhino/LectureNote/Template for Springer Monographs/book.tex
LaTeX2e <2021-11-15> patch level 1
L3 programming layer <2022-02-24> (./style/svmono.cls
Document Class: svmono 2018/06/25 v5.6 
Springer Verlag global LaTeX document class for monographs
Class Springer-SVMono Info: extra/valid Springer sub-package 
(Springer-SVMono)           not found in option list - using "global" style.
(/opt/homebrew/Cellar/texlive/20220321_3/share/texmf-dist/tex/latex/base/article.cls
Document Class: article 2021/10/04 v1.4n Standard LaTeX document class
(/opt/homebrew/Cellar/texlive/20220321_3/share/texmf-dist/tex/latex/base/size10.clo
File: size10.clo 2021/10/04 v1.4n Standard LaTeX file (size option)
)
\c@part=\count185
\c@section=\count186
\c@subsection=\count187
\c@subsubsection=\count188
\c@paragraph=\count189
\c@subparagraph=\count190
\c@figure=\count191
\c@table=\count192
\abovecaptionskip=\skip47
\belowcaptionskip=\skip48
\bibindent=\dimen138
)
\svparindent=\dimen139
\betweenumberspace=\dimen140
\headlineindent=\dimen141
\c@chapter=\count193
\mottowidth=\dimen142
\svitemindent=\dimen143
\verbatimindent=\dimen144
LaTeX Font Info:    Redeclaring math symbol \Gamma on input line 839.
LaTeX Font Info:    Redeclaring math symbol \Delta on input line 840.
LaTeX Font Info:    Redeclaring math symbol \Theta on input line 841.
LaTeX Font Info:    Redeclaring math symbol \Lambda on input line 842.
LaTeX Font Info:    Redeclaring math symbol \Xi on input line 843.
LaTeX Font Info:    Redeclaring math symbol \Pi on input line 844.
LaTeX Font Info:    Redeclaring math symbol \Sigma on input line 845.
LaTeX Font Info:    Redeclaring math symbol \Upsilon on input line 846.
LaTeX Font Info:    Redeclaring math symbol \Phi on input line 847.
LaTeX Font Info:    Redeclaring math symbol \Psi on input line 848.
LaTeX Font Info:    Redeclaring math symbol \Omega on input line 849.
\tocchpnum=\dimen145
\tocsecnum=\dimen146
\tocsectotal=\dimen147
\tocsubsecnum=\dimen148
\tocsubsectotal=\dimen149
\tocsubsubsecnum=\dimen150
\tocsubsubsectotal=\dimen151
\tocparanum=\dimen152
\tocparatotal=\dimen153
\tocsubparanum=\dimen154
\foot@parindent=\dimen155
\spthmsep=\dimen156
\c@theorem=\count194
\c@case=\count195
\c@conjecture=\count196
\c@corollary=\count197
\c@definition=\count198
\c@example=\count199
\c@exercise=\count266
\c@lemma=\count267
\c@note=\count268
\c@problem=\count269
\c@property=\count270
\c@proposition=\count271
\c@question=\count272
\c@solution=\count273
\c@remark=\count274
\c@prob=\count275
\instindent=\dimen157
\figgap=\dimen158
\bildb@x=\box50
\figcapgap=\dimen159
\tabcapgap=\dimen160
\c@merk=\count276
LaTeX Info: Redefining \abstract on input line 1902.
 (/opt/homebrew/Cellar/texlive/20220321_3/share/texmf-dist/tex/latex/xcolor/xcolor.sty
Package: xcolor 2021/10/31 v2.13 LaTeX color extensions (UK)
 (/opt/homebrew/Cellar/texlive/20220321_3/share/texmf-dist/tex/latex/graphics-cfg/color.cfg
File: color.cfg 2016/01/02 v1.6 sample color configuration
)
Package xcolor Info: Driver file: pdftex.def on input line 227.
 (/opt/homebrew/Cellar/texlive/20220321_3/share/texmf-dist/tex/latex/graphics-def/pdftex.def
File: pdftex.def 2020/10/05 v1.2a Graphics/color driver for pdftex
)
Package xcolor Info: Model `cmy' substituted by `cmy0' on input line 1352.
Package xcolor Info: Model `hsb' substituted by `rgb' on input line 1356.
Package xcolor Info: Model `RGB' extended on input line 1368.
Package xcolor Info: Model `HTML' substituted by `rgb' on input line 1370.
Package xcolor Info: Model `Hsb' substituted by `hsb' on input line 1371.
Package xcolor Info: Model `tHsb' substituted by `hsb' on input line 1372.
Package xcolor Info: Model `HSB' substituted by `hsb' on input line 1373.
Package xcolor Info: Model `Gray' substituted by `gray' on input line 1374.
Package xcolor Info: Model `wave' substituted by `hsb' on input line 1375.
 (/opt/homebrew/Cellar/texlive/20220321_3/share/texmf-dist/tex/latex/xcolor/x11nam.def
File: x11nam.def 2021/10/31 v2.13 Predefined colors according to Unix/X11 (UK)
)) (/opt/homebrew/Cellar/texlive/20220321_3/share/texmf-dist/tex/latex/ntheorem/ntheorem.sty
Style `ntheorem', Version 1.33 <2011/08/15>
Package: ntheorem 2011/08/15 1.33
(/opt/homebrew/Cellar/texlive/20220321_3/share/texmf-dist/tex/latex/base/ifthen.sty
Package: ifthen 2020/11/24 v1.1c Standard LaTeX ifthen package (DPC)
)
\theorem@style=\toks16
\theorem@@style=\toks17
\theorembodyfont=\toks18
\theoremnumbering=\toks19
\theorempreskipamount=\skip49
\theorempostskipamount=\skip50
\theoremframepreskipamount=\skip51
\theoremframepostskipamount=\skip52
\theoreminframepreskipamount=\skip53
\theoreminframepostskipamount=\skip54
\theorem@preskip=\toks20
\theorem@postskip=\toks21
\theorem@framepreskip=\toks22
\theorem@framepostskip=\toks23
\theorem@inframepreskip=\toks24
\theorem@inframepostskip=\toks25
\theoremindent=\dimen161
\theorem@indent=\dimen162
\theoremrightindent=\dimen163
\theorem@rightindent=\dimen164
\theoremheaderfont=\toks26
\theoremseparator=\toks27
\theoremprework=\toks28
\theorempostwork=\toks29
\theoremsymbol=\toks30
\qedsymbol=\toks31
\theoremkeyword=\toks32
\qedsymbol=\toks33
\thm@topsep=\skip55
\thm@topsepadd=\skip56
Package ntheorem Info: Option `thmmarks' loaded on input line 1175.
\c@endNonectr=\count277
\c@currNonectr=\count278
\mysavskip=\skip57
Package ntheorem Info: Option `thref' loaded on input line 1175.
\mysavskip=\skip58
)
\c@currproofctr=\count279
\c@endproofctr=\count280
\c@proof=\count281
\minitoc=\write3
\c@minitocdepth=\count282
\c@@inst=\count283
\c@@auth=\count284
\c@auco=\count285
\instindent=\dimen165
\authrun=\box51
\authorrunning=\toks34
\tocauthor=\toks35
\titrun=\box52
\titlerunning=\toks36
\toctitle=\toks37
\c@contribution=\count286
) (/opt/homebrew/Cellar/texlive/20220321_3/share/texmf-dist/tex/latex/framed/framed.sty
Package: framed 2011/10/22 v 0.96: framed or shaded text with page breaks
\OuterFrameSep=\skip59
\fb@frw=\dimen166
\fb@frh=\dimen167
\FrameRule=\dimen168
\FrameSep=\dimen169
) (/opt/homebrew/Cellar/texlive/20220321_3/share/texmf-dist/tex/latex/hyperref/hyperref.sty
Package: hyperref 2022-02-21 v7.00n Hypertext links for LaTeX
 (/opt/homebrew/Cellar/texlive/20220321_3/share/texmf-dist/tex/generic/ltxcmds/ltxcmds.sty
Package: ltxcmds 2020-05-10 v1.25 LaTeX kernel commands for general use (HO)
) (/opt/homebrew/Cellar/texlive/20220321_3/share/texmf-dist/tex/generic/iftex/iftex.sty
Package: iftex 2022/02/03 v1.0f TeX engine tests
) (/opt/homebrew/Cellar/texlive/20220321_3/share/texmf-dist/tex/generic/pdftexcmds/pdftexcmds.sty
Package: pdftexcmds 2020-06-27 v0.33 Utility functions of pdfTeX for LuaTeX (HO)
 (/opt/homebrew/Cellar/texlive/20220321_3/share/texmf-dist/tex/generic/infwarerr/infwarerr.sty
Package: infwarerr 2019/12/03 v1.5 Providing info/warning/error messages (HO)
)
Package pdftexcmds Info: \pdf@primitive is available.
Package pdftexcmds Info: \pdf@ifprimitive is available.
Package pdftexcmds Info: \pdfdraftmode found.
) (/opt/homebrew/Cellar/texlive/20220321_3/share/texmf-dist/tex/latex/graphics/keyval.sty
Package: keyval 2014/10/28 v1.15 key=value parser (DPC)
\KV@toks@=\toks38
) (/opt/homebrew/Cellar/texlive/20220321_3/share/texmf-dist/tex/generic/kvsetkeys/kvsetkeys.sty
Package: kvsetkeys 2019/12/15 v1.18 Key value parser (HO)
) (/opt/homebrew/Cellar/texlive/20220321_3/share/texmf-dist/tex/generic/kvdefinekeys/kvdefinekeys.sty
Package: kvdefinekeys 2019-12-19 v1.6 Define keys (HO)
) (/opt/homebrew/Cellar/texlive/20220321_3/share/texmf-dist/tex/generic/pdfescape/pdfescape.sty
Package: pdfescape 2019/12/09 v1.15 Implements pdfTeX's escape features (HO)
) (/opt/homebrew/Cellar/texlive/20220321_3/share/texmf-dist/tex/latex/hycolor/hycolor.sty
Package: hycolor 2020-01-27 v1.10 Color options for hyperref/bookmark (HO)
) (/opt/homebrew/Cellar/texlive/20220321_3/share/texmf-dist/tex/latex/letltxmacro/letltxmacro.sty
Package: letltxmacro 2019/12/03 v1.6 Let assignment for LaTeX macros (HO)
) (/opt/homebrew/Cellar/texlive/20220321_3/share/texmf-dist/tex/latex/auxhook/auxhook.sty
Package: auxhook 2019-12-17 v1.6 Hooks for auxiliary files (HO)
) (/opt/homebrew/Cellar/texlive/20220321_3/share/texmf-dist/tex/latex/kvoptions/kvoptions.sty
Package: kvoptions 2020-10-07 v3.14 Key value format for package options (HO)
)
\@linkdim=\dimen170
\Hy@linkcounter=\count287
\Hy@pagecounter=\count288
 (/opt/homebrew/Cellar/texlive/20220321_3/share/texmf-dist/tex/latex/hyperref/pd1enc.def
File: pd1enc.def 2022-02-21 v7.00n Hyperref: PDFDocEncoding definition (HO)
Now handling font encoding PD1 ...
... no UTF-8 mapping file for font encoding PD1
) (/opt/homebrew/Cellar/texlive/20220321_3/share/texmf-dist/tex/generic/intcalc/intcalc.sty
Package: intcalc 2019/12/15 v1.3 Expandable calculations with integers (HO)
) (/opt/homebrew/Cellar/texlive/20220321_3/share/texmf-dist/tex/generic/etexcmds/etexcmds.sty
Package: etexcmds 2019/12/15 v1.7 Avoid name clashes with e-TeX commands (HO)
)
\Hy@SavedSpaceFactor=\count289
 (/opt/homebrew/Cellar/texlive/20220321_3/share/texmf-dist/tex/latex/hyperref/puenc.def
File: puenc.def 2022-02-21 v7.00n Hyperref: PDF Unicode definition (HO)
Now handling font encoding PU ...
... no UTF-8 mapping file for font encoding PU
)
Package hyperref Info: Option `colorlinks' set `true' on input line 4018.
Package hyperref Info: Option `bookmarksopen' set `true' on input line 4018.
Package hyperref Info: Hyper figures OFF on input line 4137.
Package hyperref Info: Link nesting OFF on input line 4142.
Package hyperref Info: Hyper index ON on input line 4145.
Package hyperref Info: Plain pages OFF on input line 4152.
Package hyperref Info: Backreferencing OFF on input line 4157.
Package hyperref Info: Implicit mode ON; LaTeX internals redefined.
Package hyperref Info: Bookmarks ON on input line 4390.
\c@Hy@tempcnt=\count290
 (/opt/homebrew/Cellar/texlive/20220321_3/share/texmf-dist/tex/latex/url/url.sty
\Urlmuskip=\muskip16
Package: url 2013/09/16  ver 3.4  Verb mode for urls, etc.
)
LaTeX Info: Redefining \url on input line 4749.
\XeTeXLinkMargin=\dimen171
 (/opt/homebrew/Cellar/texlive/20220321_3/share/texmf-dist/tex/generic/bitset/bitset.sty
Package: bitset 2019/12/09 v1.3 Handle bit-vector datatype (HO)
 (/opt/homebrew/Cellar/texlive/20220321_3/share/texmf-dist/tex/generic/bigintcalc/bigintcalc.sty
Package: bigintcalc 2019/12/15 v1.5 Expandable calculations on big integers (HO)
))
\Fld@menulength=\count291
\Field@Width=\dimen172
\Fld@charsize=\dimen173
Package hyperref Info: Hyper figures OFF on input line 6027.
Package hyperref Info: Link nesting OFF on input line 6032.
Package hyperref Info: Hyper index ON on input line 6035.
Package hyperref Info: backreferencing OFF on input line 6042.
Package hyperref Info: Link coloring ON on input line 6045.
Package hyperref Info: Link coloring with OCG OFF on input line 6052.
Package hyperref Info: PDF/A mode OFF on input line 6057.
LaTeX Info: Redefining \ref on input line 6097.
LaTeX Info: Redefining \pageref on input line 6101.
 (/opt/homebrew/Cellar/texlive/20220321_3/share/texmf-dist/tex/latex/base/atbegshi-ltx.sty
Package: atbegshi-ltx 2021/01/10 v1.0c Emulation of the original atbegshi
package with kernel methods
)
\Hy@abspage=\count292
\c@Item=\count293
\c@Hfootnote=\count294
)
Package hyperref Info: Driver (autodetected): hpdftex.
 (/opt/homebrew/Cellar/texlive/20220321_3/share/texmf-dist/tex/latex/hyperref/hpdftex.def
File: hpdftex.def 2022-02-21 v7.00n Hyperref driver for pdfTeX
 (/opt/homebrew/Cellar/texlive/20220321_3/share/texmf-dist/tex/latex/base/atveryend-ltx.sty
Package: atveryend-ltx 2020/08/19 v1.0a Emulation of the original atveryend package
with kernel methods
)
\Fld@listcount=\count295
\c@bookmark@seq@number=\count296
 (/opt/homebrew/Cellar/texlive/20220321_3/share/texmf-dist/tex/latex/rerunfilecheck/rerunfilecheck.sty
Package: rerunfilecheck 2019/12/05 v1.9 Rerun checks for auxiliary files (HO)
 (/opt/homebrew/Cellar/texlive/20220321_3/share/texmf-dist/tex/generic/uniquecounter/uniquecounter.sty
Package: uniquecounter 2019/12/15 v1.4 Provide unlimited unique counter (HO)
)
Package uniquecounter Info: New unique counter `rerunfilecheck' on input line 286.
)
\Hy@SectionHShift=\skip60
) (/opt/homebrew/Cellar/texlive/20220321_3/share/texmf-dist/tex/latex/cjk-ko/kotex.sty
Package: kotex 2015/04/19 v1.6 Korean TeX (ko.TeX)
 (/opt/homebrew/Cellar/texlive/20220321_3/share/texmf-dist/tex/latex/kotex-utf/kotex.cfg) (/opt/homebrew/Cellar/texlive/20220321_3/share/texmf-dist/tex/latex/kotex-utf/kotexutf.sty
Package: kotexutf 2015/07/18 v2.1.1 typesetting UTF-8 Korean documents
 (/opt/homebrew/Cellar/texlive/20220321_3/share/texmf-dist/tex/latex/base/inputenc.sty
Package: inputenc 2021/02/14 v1.3d Input encoding file
\inpenc@prehook=\toks39
\inpenc@posthook=\toks40
) (/opt/homebrew/Cellar/texlive/20220321_3/share/texmf-dist/tex/plain/kotex-plain/kotexutf-core.tex
\unih@ngulpoint=\count297
\dhucs@emph@raise=\dimen174
)
Now handling font encoding LUC ...
... processing UTF-8 mapping file for font encoding LUC
 (/opt/homebrew/Cellar/texlive/20220321_3/share/texmf-dist/tex/latex/kotex-utf/lucenc.dfu
File: lucenc.dfu 2007/09/05 UTF-8 support for dhucs
   defining Unicode char U+00B7 (decimal 183)
   defining Unicode char U+2018 (decimal 8216)
   defining Unicode char U+2019 (decimal 8217)
   defining Unicode char U+201C (decimal 8220)
   defining Unicode char U+201D (decimal 8221)
   defining Unicode char U+3001 (decimal 12289)
   defining Unicode char U+3002 (decimal 12290)
   defining Unicode char U+3008 (decimal 12296)
   defining Unicode char U+3009 (decimal 12297)
   defining Unicode char U+300A (decimal 12298)
   defining Unicode char U+300B (decimal 12299)
   defining Unicode char U+300C (decimal 12300)
   defining Unicode char U+300D (decimal 12301)
   defining Unicode char U+300E (decimal 12302)
   defining Unicode char U+300F (decimal 12303)
   defining Unicode char U+3010 (decimal 12304)
   defining Unicode char U+3011 (decimal 12305)
   defining Unicode char U+3014 (decimal 12308)
   defining Unicode char U+3015 (decimal 12309)
   defining Unicode char U+3016 (decimal 12310)
   defining Unicode char U+3017 (decimal 12311)
   defining Unicode char U+3018 (decimal 12312)
   defining Unicode char U+3019 (decimal 12313)
   defining Unicode char U+301A (decimal 12314)
   defining Unicode char U+301B (decimal 12315)
   defining Unicode char U+FF01 (decimal 65281)
   defining Unicode char U+FF08 (decimal 65288)
   defining Unicode char U+FF09 (decimal 65289)
   defining Unicode char U+FF0C (decimal 65292)
   defining Unicode char U+FF0E (decimal 65294)
   defining Unicode char U+FF1A (decimal 65306)
   defining Unicode char U+FF1B (decimal 65307)
   defining Unicode char U+FF1C (decimal 65308)
   defining Unicode char U+FF1D (decimal 65309)
   defining Unicode char U+FF1E (decimal 65310)
   defining Unicode char U+FF1F (decimal 65311)
   defining Unicode char U+FF3B (decimal 65339)
   defining Unicode char U+FF3D (decimal 65341)
   defining Unicode char U+FF5B (decimal 65371)
   defining Unicode char U+FF5D (decimal 65373)
   defining Unicode char U+FF61 (decimal 65377)
   defining Unicode char U+FF62 (decimal 65378)
   defining Unicode char U+FF63 (decimal 65379)
   defining Unicode char U+FF64 (decimal 65380)
   defining Unicode char U+FF65 (decimal 65381)
)
\@josa=\count298
\josatoks=\toks41
 (/opt/homebrew/Cellar/texlive/20220321_3/share/texmf-dist/tex/latex/cjk-ko/kolabels-utf.sty
Package: kolabels-utf 2015/03/20 v1.5 UTF-8 Hangul item labels
))) (/opt/homebrew/Cellar/texlive/20220321_3/share/texmf-dist/tex/latex/cjk/texinput/CJKutf8.sty
Package: CJKutf8 2021/10/16 4.8.5
 (/opt/homebrew/Cellar/texlive/20220321_3/share/texmf-dist/tex/generic/iftex/ifpdf.sty
Package: ifpdf 2019/10/25 v3.4 ifpdf legacy package. Use iftex instead.
) (/opt/homebrew/Cellar/texlive/20220321_3/share/texmf-dist/tex/latex/cjk/texinput/CJK.sty
Package: CJK 2021/10/16 4.8.5
 (/opt/homebrew/Cellar/texlive/20220321_3/share/texmf-dist/tex/latex/cjk/texinput/mule/MULEenc.sty
Package: MULEenc 2021/10/16 4.8.5
) (/opt/homebrew/Cellar/texlive/20220321_3/share/texmf-dist/tex/latex/cjk/texinput/CJK.enc
File: CJK.enc 2021/10/16 4.8.5
Now handling font encoding C00 ...
... no UTF-8 mapping file for font encoding C00
Now handling font encoding C05 ...
... no UTF-8 mapping file for font encoding C05
Now handling font encoding C09 ...
... no UTF-8 mapping file for font encoding C09
Now handling font encoding C10 ...
... no UTF-8 mapping file for font encoding C10
Now handling font encoding C20 ...
... no UTF-8 mapping file for font encoding C20
Now handling font encoding C19 ...
... no UTF-8 mapping file for font encoding C19
Now handling font encoding C40 ...
... no UTF-8 mapping file for font encoding C40
Now handling font encoding C42 ...
... no UTF-8 mapping file for font encoding C42
Now handling font encoding C43 ...
... no UTF-8 mapping file for font encoding C43
Now handling font encoding C50 ...
... no UTF-8 mapping file for font encoding C50
Now handling font encoding C52 ...
... no UTF-8 mapping file for font encoding C52
Now handling font encoding C49 ...
... no UTF-8 mapping file for font encoding C49
Now handling font encoding C60 ...
... no UTF-8 mapping file for font encoding C60
Now handling font encoding C61 ...
... no UTF-8 mapping file for font encoding C61
Now handling font encoding C63 ...
... no UTF-8 mapping file for font encoding C63
Now handling font encoding C64 ...
... no UTF-8 mapping file for font encoding C64
Now handling font encoding C65 ...
... no UTF-8 mapping file for font encoding C65
Now handling font encoding C70 ...
... no UTF-8 mapping file for font encoding C70
Now handling font encoding C31 ...
... no UTF-8 mapping file for font encoding C31
Now handling font encoding C32 ...
... no UTF-8 mapping file for font encoding C32
Now handling font encoding C33 ...
... no UTF-8 mapping file for font encoding C33
Now handling font encoding C34 ...
... no UTF-8 mapping file for font encoding C34
Now handling font encoding C35 ...
... no UTF-8 mapping file for font encoding C35
Now handling font encoding C36 ...
... no UTF-8 mapping file for font encoding C36
Now handling font encoding C37 ...
... no UTF-8 mapping file for font encoding C37
Now handling font encoding C80 ...
... no UTF-8 mapping file for font encoding C80
Now handling font encoding C81 ...
... no UTF-8 mapping file for font encoding C81
Now handling font encoding C01 ...
... no UTF-8 mapping file for font encoding C01
Now handling font encoding C11 ...
... no UTF-8 mapping file for font encoding C11
Now handling font encoding C21 ...
... no UTF-8 mapping file for font encoding C21
Now handling font encoding C41 ...
... no UTF-8 mapping file for font encoding C41
Now handling font encoding C62 ...
... no UTF-8 mapping file for font encoding C62
)
\CJK@indent=\box53
) (/opt/homebrew/Cellar/texlive/20220321_3/share/texmf-dist/tex/latex/base/fontenc.sty
Package: fontenc 2021/04/29 v2.0v Standard LaTeX package
)) (/opt/homebrew/Cellar/texlive/20220321_3/share/texmf-dist/tex/latex/bookmark/bookmark.sty
Package: bookmark 2020-11-06 v1.29 PDF bookmarks (HO)
 (/opt/homebrew/Cellar/texlive/20220321_3/share/texmf-dist/tex/latex/bookmark/bkm-pdftex.def
File: bkm-pdftex.def 2020-11-06 v1.29 bookmark driver for pdfTeX (HO)
\BKM@id=\count299
)) (/opt/homebrew/Cellar/texlive/20220321_3/share/texmf-dist/tex/latex/type1cm/type1cm.sty
Package: type1cm 2002/09/05 v0.04 BlueSky/Y&Y Type1 CM font definitions (DPC, patched RF)
) (/opt/homebrew/Cellar/texlive/20220321_3/share/texmf-dist/tex/latex/base/makeidx.sty
Package: makeidx 2021/10/04 v1.0m Standard LaTeX package
) (/opt/homebrew/Cellar/texlive/20220321_3/share/texmf-dist/tex/latex/graphics/graphicx.sty
Package: graphicx 2021/09/16 v1.2d Enhanced LaTeX Graphics (DPC,SPQR)
 (/opt/homebrew/Cellar/texlive/20220321_3/share/texmf-dist/tex/latex/graphics/graphics.sty
Package: graphics 2021/03/04 v1.4d Standard LaTeX Graphics (DPC,SPQR)
 (/opt/homebrew/Cellar/texlive/20220321_3/share/texmf-dist/tex/latex/graphics/trig.sty
Package: trig 2021/08/11 v1.11 sin cos tan (DPC)
) (/opt/homebrew/Cellar/texlive/20220321_3/share/texmf-dist/tex/latex/graphics-cfg/graphics.cfg
File: graphics.cfg 2016/06/04 v1.11 sample graphics configuration
)
Package graphics Info: Driver file: pdftex.def on input line 107.
)
\Gin@req@height=\dimen175
\Gin@req@width=\dimen176
) (/opt/homebrew/Cellar/texlive/20220321_3/share/texmf-dist/tex/latex/tools/multicol.sty
Package: multicol 2021/10/28 v1.9b multicolumn formatting (FMi)
\c@tracingmulticols=\count300
\mult@box=\box54
\multicol@leftmargin=\dimen177
\c@unbalance=\count301
\c@collectmore=\count302
\doublecol@number=\count303
\multicoltolerance=\count304
\multicolpretolerance=\count305
\full@width=\dimen178
\page@free=\dimen179
\premulticols=\dimen180
\postmulticols=\dimen181
\multicolsep=\skip61
\multicolbaselineskip=\skip62
\partial@page=\box55
\last@line=\box56
\maxbalancingoverflow=\dimen182
\mult@rightbox=\box57
\mult@grightbox=\box58
\mult@firstbox=\box59
\mult@gfirstbox=\box60
\@tempa=\box61
\@tempa=\box62
\@tempa=\box63
\@tempa=\box64
\@tempa=\box65
\@tempa=\box66
\@tempa=\box67
\@tempa=\box68
\@tempa=\box69
\@tempa=\box70
\@tempa=\box71
\@tempa=\box72
\@tempa=\box73
\@tempa=\box74
\@tempa=\box75
\@tempa=\box76
\@tempa=\box77
\@tempa=\box78
\@tempa=\box79
\@tempa=\box80
\@tempa=\box81
\@tempa=\box82
\@tempa=\box83
\@tempa=\box84
\@tempa=\box85
\@tempa=\box86
\@tempa=\box87
\@tempa=\box88
\@tempa=\box89
\@tempa=\box90
\@tempa=\box91
\@tempa=\box92
\@tempa=\box93
\@tempa=\box94
\@tempa=\box95
\@tempa=\box96
\c@minrows=\count306
\c@columnbadness=\count307
\c@finalcolumnbadness=\count308
\last@try=\dimen183
\multicolovershoot=\dimen184
\multicolundershoot=\dimen185
\mult@nat@firstbox=\box97
\colbreak@box=\box98
\mc@col@check@num=\count309
) (/opt/homebrew/Cellar/texlive/20220321_3/share/texmf-dist/tex/latex/footmisc/footmisc.sty
Package: footmisc 2022/03/08 v6.0d a miscellany of footnote facilities
\FN@temptoken=\toks42
\footnotemargin=\dimen186
\@outputbox@depth=\dimen187
Package footmisc Info: Declaring symbol style bringhurst on input line 695.
Package footmisc Info: Declaring symbol style chicago on input line 703.
Package footmisc Info: Declaring symbol style wiley on input line 712.
Package footmisc Info: Declaring symbol style lamport-robust on input line 723.
Package footmisc Info: Declaring symbol style lamport* on input line 743.
Package footmisc Info: Declaring symbol style lamport*-robust on input line 764.
) (/opt/homebrew/Cellar/texlive/20220321_3/share/texmf-dist/tex/latex/newtx/newtxtext.sty
Package: newtxtext 2022/02/28 v1.71(Michael Sharpe) latex and unicode latex support for TeXGyreTermesX
 `newtxtext' v1.71, 2022/02/28 Text macros taking advantage of TeXGyre Termes and its extensions (msharpe) (/opt/homebrew/Cellar/texlive/20220321_3/share/texmf-dist/tex/latex/xkeyval/xkeyval.sty
Package: xkeyval 2020/11/20 v2.8 package option processing (HA)
 (/opt/homebrew/Cellar/texlive/20220321_3/share/texmf-dist/tex/generic/xkeyval/xkeyval.tex (/opt/homebrew/Cellar/texlive/20220321_3/share/texmf-dist/tex/generic/xkeyval/xkvutils.tex
\XKV@toks=\toks43
\XKV@tempa@toks=\toks44
)
\XKV@depth=\count310
File: xkeyval.tex 2014/12/03 v2.7a key=value parser (HA)
)) (/opt/homebrew/Cellar/texlive/20220321_3/share/texmf-dist/tex/latex/etoolbox/etoolbox.sty
Package: etoolbox 2020/10/05 v2.5k e-TeX tools for LaTeX (JAW)
\etb@tempcnta=\count311
) (/opt/homebrew/Cellar/texlive/20220321_3/share/texmf-dist/tex/latex/base/textcomp.sty
Package: textcomp 2020/02/02 v2.0n Standard LaTeX package
) (/opt/homebrew/Cellar/texlive/20220321_3/share/texmf-dist/tex/generic/xstring/xstring.sty (/opt/homebrew/Cellar/texlive/20220321_3/share/texmf-dist/tex/generic/xstring/xstring.tex
\integerpart=\count312
\decimalpart=\count313
)
Package: xstring 2021/07/21 v1.84 String manipulations (CT)
) (/opt/homebrew/Cellar/texlive/20220321_3/share/texmf-dist/tex/latex/carlisle/scalefnt.sty)
LaTeX Font Info:    Setting ntxLF sub-encoding to TS1/0 on input line 21.
LaTeX Font Info:    Setting ntxTLF sub-encoding to TS1/0 on input line 21.
LaTeX Font Info:    Setting ntxOsF sub-encoding to TS1/0 on input line 21.
LaTeX Font Info:    Setting ntxTOsF sub-encoding to TS1/0 on input line 21.
 (/opt/homebrew/Cellar/texlive/20220321_3/share/texmf-dist/tex/generic/kastrup/binhex.tex)
\ntx@tmpcnta=\count314
\ntx@cnt=\count315

ntx@otftextfalse
(/opt/homebrew/Cellar/texlive/20220321_3/share/texmf-dist/tex/latex/fontaxes/fontaxes.sty
Package: fontaxes 2020/07/21 v1.0e Font selection axes
LaTeX Info: Redefining \upshape on input line 29.
LaTeX Info: Redefining \itshape on input line 31.
LaTeX Info: Redefining \slshape on input line 33.
LaTeX Info: Redefining \swshape on input line 35.
LaTeX Info: Redefining \scshape on input line 37.
LaTeX Info: Redefining \sscshape on input line 39.
LaTeX Info: Redefining \ulcshape on input line 41.
LaTeX Info: Redefining \textsw on input line 47.
LaTeX Info: Redefining \textssc on input line 48.
LaTeX Info: Redefining \textulc on input line 49.
)
LaTeX Info: Redefining \oldstylenums on input line 657.
) (/opt/homebrew/Cellar/texlive/20220321_3/share/texmf-dist/tex/latex/newtx/newtxmath.sty
Package: newtxmath 2022/01/16 v1.71
 `newtxmath' v1.71, 2022/01/16 Math macros based originally on txfonts (msharpe) (/opt/homebrew/Cellar/texlive/20220321_3/share/texmf-dist/tex/latex/amsmath/amsmath.sty
Package: amsmath 2021/10/15 v2.17l AMS math features
\@mathmargin=\skip63

For additional information on amsmath, use the `?' option.
(/opt/homebrew/Cellar/texlive/20220321_3/share/texmf-dist/tex/latex/amsmath/amstext.sty
Package: amstext 2021/08/26 v2.01 AMS text
 (/opt/homebrew/Cellar/texlive/20220321_3/share/texmf-dist/tex/latex/amsmath/amsgen.sty
File: amsgen.sty 1999/11/30 v2.0 generic functions
\@emptytoks=\toks45
\ex@=\dimen188
)) (/opt/homebrew/Cellar/texlive/20220321_3/share/texmf-dist/tex/latex/amsmath/amsbsy.sty
Package: amsbsy 1999/11/29 v1.2d Bold Symbols
\pmbraise@=\dimen189
) (/opt/homebrew/Cellar/texlive/20220321_3/share/texmf-dist/tex/latex/amsmath/amsopn.sty
Package: amsopn 2021/08/26 v2.02 operator names
)
\inf@bad=\count316
LaTeX Info: Redefining \frac on input line 234.
\uproot@=\count317
\leftroot@=\count318
LaTeX Info: Redefining \overline on input line 399.
\classnum@=\count319
\DOTSCASE@=\count320
LaTeX Info: Redefining \ldots on input line 496.
LaTeX Info: Redefining \dots on input line 499.
LaTeX Info: Redefining \cdots on input line 620.
\Mathstrutbox@=\box99
\strutbox@=\box100
\big@size=\dimen190
LaTeX Font Info:    Redeclaring font encoding OML on input line 743.
LaTeX Font Info:    Redeclaring font encoding OMS on input line 744.
\macc@depth=\count321
\c@MaxMatrixCols=\count322
\dotsspace@=\muskip17
\c@parentequation=\count323
\dspbrk@lvl=\count324
\tag@help=\toks46
\row@=\count325
\column@=\count326
\maxfields@=\count327
\andhelp@=\toks47
\eqnshift@=\dimen191
\alignsep@=\dimen192
\tagshift@=\dimen193
\tagwidth@=\dimen194
\totwidth@=\dimen195
\lineht@=\dimen196
\@envbody=\toks48
\multlinegap=\skip64
\multlinetaggap=\skip65
\mathdisplay@stack=\toks49
LaTeX Info: Redefining \[ on input line 2938.
LaTeX Info: Redefining \] on input line 2939.
) (/opt/homebrew/Cellar/texlive/20220321_3/share/texmf-dist/tex/generic/iftex/ifxetex.sty
Package: ifxetex 2019/10/25 v0.7 ifxetex legacy package. Use iftex instead.
) (/opt/homebrew/Cellar/texlive/20220321_3/share/texmf-dist/tex/generic/iftex/ifluatex.sty
Package: ifluatex 2019/10/25 v1.5 ifluatex legacy package. Use iftex instead.
) (/opt/homebrew/Cellar/texlive/20220321_3/share/texmf-dist/tex/latex/oberdiek/centernot.sty
Package: centernot 2016/05/16 v1.4 Centers the not symbol horizontally (HO)
)
\tx@cntz=\count328
 (/opt/homebrew/Cellar/texlive/20220321_3/share/texmf-dist/tex/generic/kastrup/binhex.tex)
\tx@Isdigit=\count329
\tx@IsAlNum=\count330
\tx@tA=\toks50
\tx@tB=\toks51
\tx@su=\read2

amsthm NOT loaded
LaTeX Font Info:    Redeclaring symbol font `operators' on input line 376.
LaTeX Font Info:    Overwriting symbol font `operators' in version `normal'
(Font)                  OT1/cmr/m/n --> OT1/minntx/m/n on input line 376.
LaTeX Font Info:    Overwriting symbol font `operators' in version `bold'
(Font)                  OT1/cmr/bx/n --> OT1/minntx/m/n on input line 376.
LaTeX Font Info:    Overwriting symbol font `operators' in version `bold'
(Font)                  OT1/minntx/m/n --> OT1/minntx/b/n on input line 377.
LaTeX Font Info:    Redeclaring math alphabet \mathsf on input line 383.
LaTeX Font Info:    Overwriting math alphabet `\mathsf' in version `normal'
(Font)                  OT1/cmss/m/n --> OT1/qhv/m/n on input line 383.
LaTeX Font Info:    Overwriting math alphabet `\mathsf' in version `bold'
(Font)                  OT1/cmss/bx/n --> OT1/qhv/m/n on input line 383.
LaTeX Font Info:    Redeclaring math alphabet \mathit on input line 384.
LaTeX Font Info:    Overwriting math alphabet `\mathit' in version `normal'
(Font)                  OT1/cmr/m/it --> OT1/minntx/m/it on input line 384.
LaTeX Font Info:    Overwriting math alphabet `\mathit' in version `bold'
(Font)                  OT1/cmr/bx/it --> OT1/minntx/m/it on input line 384.
LaTeX Font Info:    Redeclaring math alphabet \mathtt on input line 385.
LaTeX Font Info:    Overwriting math alphabet `\mathtt' in version `normal'
(Font)                  OT1/cmtt/m/n --> OT1/ntxtt/m/n on input line 385.
LaTeX Font Info:    Overwriting math alphabet `\mathtt' in version `bold'
(Font)                  OT1/cmtt/m/n --> OT1/ntxtt/m/n on input line 385.
LaTeX Font Info:    Redeclaring math alphabet \mathbf on input line 387.
LaTeX Font Info:    Overwriting math alphabet `\mathbf' in version `normal'
(Font)                  OT1/cmr/bx/n --> OT1/minntx/b/n on input line 387.
LaTeX Font Info:    Overwriting math alphabet `\mathbf' in version `bold'
(Font)                  OT1/cmr/bx/n --> OT1/minntx/b/n on input line 387.
LaTeX Font Info:    Overwriting math alphabet `\mathit' in version `bold'
(Font)                  OT1/minntx/m/it --> OT1/minntx/b/it on input line 388.
LaTeX Font Info:    Overwriting math alphabet `\mathsf' in version `bold'
(Font)                  OT1/qhv/m/n --> OT1/qhv/b/n on input line 389.
LaTeX Font Info:    Overwriting math alphabet `\mathtt' in version `bold'
(Font)                  OT1/ntxtt/m/n --> OT1/ntxtt/b/n on input line 390.
LaTeX Font Info:    Redeclaring symbol font `letters' on input line 491.
LaTeX Font Info:    Overwriting symbol font `letters' in version `normal'
(Font)                  OML/cmm/m/it --> OML/ntxmi/m/it on input line 491.
LaTeX Font Info:    Overwriting symbol font `letters' in version `bold'
(Font)                  OML/cmm/b/it --> OML/ntxmi/m/it on input line 491.
LaTeX Font Info:    Overwriting symbol font `letters' in version `bold'
(Font)                  OML/ntxmi/m/it --> OML/ntxmi/b/it on input line 492.
\symlettersA=\mathgroup4
LaTeX Font Info:    Overwriting symbol font `lettersA' in version `bold'
(Font)                  U/ntxmia/m/it --> U/ntxmia/b/it on input line 547.
Now handling font encoding LMS ...
... no UTF-8 mapping file for font encoding LMS
LaTeX Font Info:    Redeclaring symbol font `symbols' on input line 568.
LaTeX Font Info:    Encoding `OMS' has changed to `LMS' for symbol font
(Font)              `symbols' in the math version `normal' on input line 568.
LaTeX Font Info:    Overwriting symbol font `symbols' in version `normal'
(Font)                  OMS/cmsy/m/n --> LMS/ntxsy/m/n on input line 568.
LaTeX Font Info:    Encoding `OMS' has changed to `LMS' for symbol font
(Font)              `symbols' in the math version `bold' on input line 568.
LaTeX Font Info:    Overwriting symbol font `symbols' in version `bold'
(Font)                  OMS/cmsy/b/n --> LMS/ntxsy/m/n on input line 568.
LaTeX Font Info:    Overwriting symbol font `symbols' in version `bold'
(Font)                  LMS/ntxsy/m/n --> LMS/ntxsy/b/n on input line 569.
\symAMSm=\mathgroup5
LaTeX Font Info:    Overwriting symbol font `AMSm' in version `bold'
(Font)                  U/ntxsym/m/n --> U/ntxsym/b/n on input line 594.
\symsymbolsC=\mathgroup6
LaTeX Font Info:    Overwriting symbol font `symbolsC' in version `bold'
(Font)                  U/ntxsyc/m/n --> U/ntxsyc/b/n on input line 615.
Now handling font encoding LMX ...
... no UTF-8 mapping file for font encoding LMX
LaTeX Font Info:    Redeclaring symbol font `largesymbols' on input line 628.
LaTeX Font Info:    Encoding `OMX' has changed to `LMX' for symbol font
(Font)              `largesymbols' in the math version `normal' on input line 628.
LaTeX Font Info:    Overwriting symbol font `largesymbols' in version `normal'
(Font)                  OMX/cmex/m/n --> LMX/ntxexx/m/n on input line 628.
LaTeX Font Info:    Encoding `OMX' has changed to `LMX' for symbol font
(Font)              `largesymbols' in the math version `bold' on input line 628.
LaTeX Font Info:    Overwriting symbol font `largesymbols' in version `bold'
(Font)                  OMX/cmex/m/n --> LMX/ntxexx/m/n on input line 628.
LaTeX Font Info:    Overwriting symbol font `largesymbols' in version `bold'
(Font)                  LMX/ntxexx/m/n --> LMX/ntxexx/b/n on input line 629.
\symlargesymbolsTXA=\mathgroup7
LaTeX Font Info:    Overwriting symbol font `largesymbolsTXA' in version `bold'
(Font)                  U/ntxexa/m/n --> U/ntxexa/b/n on input line 643.
\tx@sbptoks=\toks52
LaTeX Font Info:    Redeclaring math delimiter \lfloor on input line 866.
LaTeX Font Info:    Redeclaring math delimiter \rfloor on input line 867.
LaTeX Font Info:    Redeclaring math delimiter \lceil on input line 868.
LaTeX Font Info:    Redeclaring math delimiter \rceil on input line 869.
LaTeX Font Info:    Redeclaring math delimiter \lbrace on input line 870.
LaTeX Font Info:    Redeclaring math delimiter \rbrace on input line 871.
LaTeX Font Info:    Redeclaring math delimiter \langle on input line 872.
LaTeX Font Info:    Redeclaring math delimiter \rangle on input line 874.
LaTeX Font Info:    Redeclaring math delimiter \arrowvert on input line 878.
LaTeX Font Info:    Redeclaring math delimiter \vert on input line 879.
LaTeX Font Info:    Redeclaring math symbol \hbar on input line 925.
LaTeX Font Info:    Redeclaring math accent \dot on input line 950.
LaTeX Font Info:    Redeclaring math accent \ddot on input line 951.
LaTeX Font Info:    Redeclaring math accent \vec on input line 2020.
LaTeX Info: Redefining \Bbbk on input line 2810.
LaTeX Info: Redefining \not on input line 2959.
)
\@indexfile=\write4
\openout4 = `book.idx'.


Writing index file book.idx
LaTeX Font Info:    Trying to load font information for OT1+ntxtlf on input line 45.
(/opt/homebrew/Cellar/texlive/20220321_3/share/texmf-dist/tex/latex/newtx/ot1ntxtlf.fd
File: ot1ntxtlf.fd 2021/05/24 v1.0 font definition file for OT1/ntx/tlf
)
LaTeX Font Info:    Font shape `OT1/ntxtlf/m/n' will be
(Font)              scaled to size 10.0pt on input line 45.
 (/opt/homebrew/Cellar/texlive/20220321_3/share/texmf-dist/tex/latex/l3backend/l3backend-pdftex.def
File: l3backend-pdftex.def 2022-02-07 L3 backend support: PDF output (pdfTeX)
\l__color_backend_stack_int=\count331
\l__pdf_internal_box=\box101
) (./book.aux (./author/dedication.aux) (./author/foreword.aux) (./author/preface.aux) (./author/acknowledgement.aux) (./author/acronym.aux) (./author/part.aux) (./author/chapter.aux) (./author/chapter2.aux

LaTeX Warning: Label `intro' multiply defined.


LaTeX Warning: Label `sec:1' multiply defined.


LaTeX Warning: Label `sec:2' multiply defined.


LaTeX Warning: Label `eq:01' multiply defined.


LaTeX Warning: Label `subsec:2' multiply defined.


LaTeX Warning: Label `fig:1' multiply defined.


LaTeX Warning: Label `fig:2' multiply defined.


LaTeX Warning: Label `tab:1' multiply defined.


LaTeX Warning: Label `sec:3' multiply defined.


LaTeX Warning: Label `prob1' multiply defined.


LaTeX Warning: Label `prob2' multiply defined.


LaTeX Warning: Label `science-contrib' multiply defined.


LaTeX Warning: Label `science-online' multiply defined.


LaTeX Warning: Label `science-mono' multiply defined.


LaTeX Warning: Label `science-journal' multiply defined.


LaTeX Warning: Label `science-DOI' multiply defined.


LaTeX Warning: Label `phys-online' multiply defined.


LaTeX Warning: Label `phys-mono' multiply defined.


LaTeX Warning: Label `phys-journal' multiply defined.


LaTeX Warning: Label `phys-DOI' multiply defined.


LaTeX Warning: Label `phys-contrib' multiply defined.


LaTeX Warning: Label `psysoc-mono' multiply defined.


LaTeX Warning: Label `psysoc-online' multiply defined.


LaTeX Warning: Label `psysoc-journal' multiply defined.


LaTeX Warning: Label `psysoc-contrib' multiply defined.


LaTeX Warning: Label `psysoc-DOI' multiply defined.


LaTeX Warning: Label `humlinphil-journal' multiply defined.


LaTeX Warning: Label `humlinphil-contrib' multiply defined.


LaTeX Warning: Label `humlinphil-mono' multiply defined.


LaTeX Warning: Label `humlinphil-online' multiply defined.


LaTeX Warning: Label `humlinphil-DOI' multiply defined.


LaTeX Warning: Label `basic-contrib' multiply defined.


LaTeX Warning: Label `basic-online' multiply defined.


LaTeX Warning: Label `basic-DOI' multiply defined.


LaTeX Warning: Label `basic-journal' multiply defined.


LaTeX Warning: Label `basic-mono' multiply defined.

) (./author/appendix.aux) (./author2/part.aux) (./author/glossary.aux) (./author/solutions.aux))
\openout1 = `book.aux'.

LaTeX Font Info:    Checking defaults for OML/ntxmi/m/it on input line 45.
LaTeX Font Info:    Trying to load font information for OML+ntxmi on input line 45.
 (/opt/homebrew/Cellar/texlive/20220321_3/share/texmf-dist/tex/latex/newtx/omlntxmi.fd
File: omlntxmi.fd 2015/08/25 Fontinst v1.933 font definitions for OML/ntxmi.
)
LaTeX Font Info:    ... okay on input line 45.
LaTeX Font Info:    Checking defaults for OMS/cmsy/m/n on input line 45.
LaTeX Font Info:    ... okay on input line 45.
LaTeX Font Info:    Checking defaults for OT1/cmr/m/n on input line 45.
LaTeX Font Info:    ... okay on input line 45.
LaTeX Font Info:    Checking defaults for T1/cmr/m/n on input line 45.
LaTeX Font Info:    ... okay on input line 45.
LaTeX Font Info:    Checking defaults for TS1/cmr/m/n on input line 45.
LaTeX Font Info:    ... okay on input line 45.
LaTeX Font Info:    Checking defaults for OMX/cmex/m/n on input line 45.
LaTeX Font Info:    ... okay on input line 45.
LaTeX Font Info:    Checking defaults for U/ntxexa/m/n on input line 45.
LaTeX Font Info:    Trying to load font information for U+ntxexa on input line 45.
 (/opt/homebrew/Cellar/texlive/20220321_3/share/texmf-dist/tex/latex/newtx/untxexa.fd
File: untxexa.fd 2012/04/16 Fontinst v1.933 font definitions for U/ntxexa.
)
LaTeX Font Info:    ... okay on input line 45.
LaTeX Font Info:    Checking defaults for PD1/pdf/m/n on input line 45.
LaTeX Font Info:    ... okay on input line 45.
LaTeX Font Info:    Checking defaults for PU/pdf/m/n on input line 45.
LaTeX Font Info:    ... okay on input line 45.
LaTeX Font Info:    Checking defaults for LUC/nanummj/m/n on input line 45.
LaTeX Font Info:    Trying to load font information for LUC+nanummj on input line 45.
 (/opt/homebrew/Cellar/texlive/20220321_3/share/texmf-dist/tex/latex/nanumtype1/lucnanummj.fd
File: lucnanummj.fd 2013/02/12 v0.1 Nanum Myeongjo font definitions
)
LaTeX Font Info:    ... okay on input line 45.
LaTeX Font Info:    Checking defaults for C00/song/m/n on input line 45.
LaTeX Font Info:    ... okay on input line 45.
LaTeX Font Info:    Checking defaults for C05/song/m/n on input line 45.
LaTeX Font Info:    ... okay on input line 45.
LaTeX Font Info:    Checking defaults for C09/song/m/n on input line 45.
LaTeX Font Info:    ... okay on input line 45.
LaTeX Font Info:    Checking defaults for C10/song/m/n on input line 45.
LaTeX Font Info:    ... okay on input line 45.
LaTeX Font Info:    Checking defaults for C20/song/m/n on input line 45.
LaTeX Font Info:    ... okay on input line 45.
LaTeX Font Info:    Checking defaults for C19/song/m/n on input line 45.
LaTeX Font Info:    ... okay on input line 45.
LaTeX Font Info:    Checking defaults for C40/song/m/n on input line 45.
LaTeX Font Info:    ... okay on input line 45.
LaTeX Font Info:    Checking defaults for C42/song/m/n on input line 45.
LaTeX Font Info:    ... okay on input line 45.
LaTeX Font Info:    Checking defaults for C43/song/m/n on input line 45.
LaTeX Font Info:    ... okay on input line 45.
LaTeX Font Info:    Checking defaults for C50/song/m/n on input line 45.
LaTeX Font Info:    ... okay on input line 45.
LaTeX Font Info:    Checking defaults for C52/song/m/n on input line 45.
LaTeX Font Info:    ... okay on input line 45.
LaTeX Font Info:    Checking defaults for C49/song/m/n on input line 45.
LaTeX Font Info:    ... okay on input line 45.
LaTeX Font Info:    Checking defaults for C60/mj/m/n on input line 45.
LaTeX Font Info:    ... okay on input line 45.
LaTeX Font Info:    Checking defaults for C61/mj/m/n on input line 45.
LaTeX Font Info:    ... okay on input line 45.
LaTeX Font Info:    Checking defaults for C63/mj/m/n on input line 45.
LaTeX Font Info:    ... okay on input line 45.
LaTeX Font Info:    Checking defaults for C64/mj/m/n on input line 45.
LaTeX Font Info:    ... okay on input line 45.
LaTeX Font Info:    Checking defaults for C65/mj/m/n on input line 45.
LaTeX Font Info:    ... okay on input line 45.
LaTeX Font Info:    Checking defaults for C70/song/m/n on input line 45.
LaTeX Font Info:    ... okay on input line 45.
LaTeX Font Info:    Checking defaults for C31/song/m/n on input line 45.
LaTeX Font Info:    ... okay on input line 45.
LaTeX Font Info:    Checking defaults for C32/song/m/n on input line 45.
LaTeX Font Info:    ... okay on input line 45.
LaTeX Font Info:    Checking defaults for C33/song/m/n on input line 45.
LaTeX Font Info:    ... okay on input line 45.
LaTeX Font Info:    Checking defaults for C34/song/m/n on input line 45.
LaTeX Font Info:    ... okay on input line 45.
LaTeX Font Info:    Checking defaults for C35/song/m/n on input line 45.
LaTeX Font Info:    ... okay on input line 45.
LaTeX Font Info:    Checking defaults for C36/song/m/n on input line 45.
LaTeX Font Info:    ... okay on input line 45.
LaTeX Font Info:    Checking defaults for C37/song/m/n on input line 45.
LaTeX Font Info:    ... okay on input line 45.
LaTeX Font Info:    Checking defaults for C80/song/m/n on input line 45.
LaTeX Font Info:    ... okay on input line 45.
LaTeX Font Info:    Checking defaults for C81/song/m/n on input line 45.
LaTeX Font Info:    ... okay on input line 45.
LaTeX Font Info:    Checking defaults for C01/song/m/n on input line 45.
LaTeX Font Info:    ... okay on input line 45.
LaTeX Font Info:    Checking defaults for C11/song/m/n on input line 45.
LaTeX Font Info:    ... okay on input line 45.
LaTeX Font Info:    Checking defaults for C21/song/m/n on input line 45.
LaTeX Font Info:    ... okay on input line 45.
LaTeX Font Info:    Checking defaults for C41/song/m/n on input line 45.
LaTeX Font Info:    ... okay on input line 45.
LaTeX Font Info:    Checking defaults for C62/song/m/n on input line 45.
LaTeX Font Info:    ... okay on input line 45.
LaTeX Font Info:    Checking defaults for LMS/ntxsy/m/n on input line 45.
LaTeX Font Info:    Trying to load font information for LMS+ntxsy on input line 45.
 (/opt/homebrew/Cellar/texlive/20220321_3/share/texmf-dist/tex/latex/newtx/lmsntxsy.fd
File: lmsntxsy.fd 2016/07/02 Fontinst v1.933 font definitions for LMS/ntxsy.
)
LaTeX Font Info:    ... okay on input line 45.
LaTeX Font Info:    Checking defaults for LMX/ntxexx/m/n on input line 45.
LaTeX Font Info:    Trying to load font information for LMX+ntxexx on input line 45.
 (/opt/homebrew/Cellar/texlive/20220321_3/share/texmf-dist/tex/latex/newtx/lmxntxexx.fd
File: lmxntxexx.fd 2016/07/03 Fontinst v1.933 font definitions for LMX/ntxexx.
)
LaTeX Font Info:    ... okay on input line 45.
 (/opt/homebrew/Cellar/texlive/20220321_3/share/texmf-dist/tex/context/base/mkii/supp-pdf.mkii
[Loading MPS to PDF converter (version 2006.09.02).]
\scratchcounter=\count332
\scratchdimen=\dimen197
\scratchbox=\box102
\nofMPsegments=\count333
\nofMParguments=\count334
\everyMPshowfont=\toks53
\MPscratchCnt=\count335
\MPscratchDim=\dimen198
\MPnumerator=\count336
\makeMPintoPDFobject=\count337
\everyMPtoPDFconversion=\toks54
) (/opt/homebrew/Cellar/texlive/20220321_3/share/texmf-dist/tex/latex/epstopdf-pkg/epstopdf-base.sty
Package: epstopdf-base 2020-01-24 v2.11 Base part for package epstopdf
Package epstopdf-base Info: Redefining graphics rule for `.eps' on input line 485.
 (/opt/homebrew/Cellar/texlive/20220321_3/share/texmf-dist/tex/latex/latexconfig/epstopdf-sys.cfg
File: epstopdf-sys.cfg 2010/07/13 v1.3 Configuration of (r)epstopdf for TeX Live
))
Package hyperref Info: Link coloring ON on input line 45.
 (/opt/homebrew/Cellar/texlive/20220321_3/share/texmf-dist/tex/latex/hyperref/nameref.sty
Package: nameref 2021-04-02 v2.47 Cross-referencing by name of section
 (/opt/homebrew/Cellar/texlive/20220321_3/share/texmf-dist/tex/latex/refcount/refcount.sty
Package: refcount 2019/12/15 v3.6 Data extraction from label references (HO)
) (/opt/homebrew/Cellar/texlive/20220321_3/share/texmf-dist/tex/generic/gettitlestring/gettitlestring.sty
Package: gettitlestring 2019/12/15 v1.6 Cleanup title references (HO)
)
\c@section@level=\count338
)
LaTeX Info: Redefining \ref on input line 45.
LaTeX Info: Redefining \pageref on input line 45.
LaTeX Info: Redefining \nameref on input line 45.
\c@mv@tabular=\count339
\c@mv@boldtabular=\count340
LaTeX Font Info:    Font shape `OT1/ntxtlf/m/n' will be
(Font)              scaled to size 18.0pt on input line 51.
LaTeX Font Info:    Font shape `OT1/ntxtlf/m/n' will be
(Font)              scaled to size 24.88pt on input line 51.
LaTeX Font Info:    Font shape `OT1/ntxtlf/m/n' will be
(Font)              scaled to size 12.0pt on input line 51.
LaTeX Font Info:    Font shape `OT1/ntxtlf/m/n' will be
(Font)              scaled to size 14.0pt on input line 51.
 [1

{/opt/homebrew/Cellar/texlive/20220321_3/share/texmf-dist/fonts/map/pdftex/updmap/pdftex.map}] [2


]
\openout2 = `author/dedication.aux'.

 (./author/dedication.tex
LaTeX Font Info:    Font shape `OT1/ntxtlf/m/it' will be
(Font)              scaled to size 12.0pt on input line 10.
 [5



])
\openout2 = `author/foreword.aux'.

 (./author/foreword.tex [6






]
LaTeX Font Info:    Font shape `OT1/ntxtlf/m/n' will be
(Font)              scaled to size 16.0pt on input line 9.
LaTeX Font Info:    Font shape `OT1/ntxtlf/b/n' will be
(Font)              scaled to size 16.0pt on input line 9.
LaTeX Font Info:    Trying to load font information for OT1+minntx on input line 9.
 (/opt/homebrew/Cellar/texlive/20220321_3/share/texmf-dist/tex/latex/newtx/ot1minntx.fd
File: ot1minntx.fd 2022/01/20 v1.0 font definition file for OT1/minntx
)
LaTeX Font Info:    Trying to load font information for U+ntxmia on input line 9.
 (/opt/homebrew/Cellar/texlive/20220321_3/share/texmf-dist/tex/latex/newtx/untxmia.fd
File: untxmia.fd 2018/04/14 Fontinst v1.933 font definitions for U/ntxmia.
)
LaTeX Font Info:    Trying to load font information for U+ntxsym on input line 9.
 (/opt/homebrew/Cellar/texlive/20220321_3/share/texmf-dist/tex/latex/newtx/untxsym.fd
File: untxsym.fd 2015/03/20 Fontinst v1.933 font definitions for U/ntxsym.
)
LaTeX Font Info:    Trying to load font information for U+ntxsyc on input line 9.
 (/opt/homebrew/Cellar/texlive/20220321_3/share/texmf-dist/tex/latex/newtx/untxsyc.fd
File: untxsyc.fd 2012/04/12 Fontinst v1.933 font definitions for U/ntxsyc.
)
LaTeX Font Info:    Font shape `OT1/ntxtlf/m/it' will be
(Font)              scaled to size 10.0pt on input line 11.

Overfull \hbox (3.95215pt too wide) in paragraph at lines 11--12
\OT1/minntx/m/n/10 Use the tem-plate \OT1/ntxtlf/m/it/10 fore-word.tex \OT1/minntx/m/n/10 to-gether with the doc-u-ment class SV-Mono (monograph-
 []

)
LaTeX Font Info:    Font shape `OT1/ntxtlf/m/n' will be
(Font)              scaled to size 8.5pt on input line 55.
 [7]
\openout2 = `author/preface.aux'.

 (./author/preface.tex [8





]) [9]
\openout2 = `author/acknowledgement.aux'.

 (./author/acknowledgement.tex [10





]) [11] [12




] (./book.toc
LaTeX Font Info:    Font shape `OT1/ntxtlf/b/n' will be
(Font)              scaled to size 10.0pt on input line 1.
LaTeX Font Info:    Font shape `LUC/nanummj/b/n' in size <10> not available
(Font)              Font shape `LUC/nanummj/bx/n' tried instead on input line 1.
LaTeX Font Info:    Trying to load font information for LUC+uhcmj on input line 2.
 (/opt/homebrew/Cellar/texlive/20220321_3/share/texmf-dist/tex/latex/kotex-utf/lucuhcmj.fd
File: lucuhcmj.fd 2013/09/26 UHC Myeongjo font definitions
)

LaTeX Font Warning: Font shape `LUC/uhcmj/b/n' undefined
(Font)              using `LUC/uhcmj/m/n' instead on input line 2.

[13])
\tf@toc=\write5
\openout5 = `book.toc'.

 [14]
\openout2 = `author/acronym.aux'.

 (./author/acronym.tex
Overfull \hbox (3.22217pt too wide) in paragraph at lines 10--11
\OT1/minntx/m/n/10 Use the tem-plate \OT1/ntxtlf/m/it/10 acronym.tex \OT1/minntx/m/n/10 to-gether with the doc-u-ment class SV-Mono (monograph-
 []

LaTeX Font Info:    Trying to load font information for OT1+ntxtt on input line 12.
(/opt/homebrew/Cellar/texlive/20220321_3/share/texmf-dist/tex/latex/newtx/ot1ntxtt.fd
File: ot1ntxtt.fd 2012/04/20 v3.1
)
LaTeX Font Info:    Font shape `OT1/ntxtt/m/n' will be
(Font)              scaled to size 10.0pt on input line 12.
) [15



] [16




]
\openout2 = `author/part.aux'.

 (./author/part.tex
LaTeX Font Info:    Font shape `OT1/ntxtlf/b/n' will be
(Font)              scaled to size 18.0pt on input line 10.
LaTeX Font Info:    Font shape `LUC/nanummj/b/n' in size <18> not available
(Font)              Font shape `LUC/nanummj/bx/n' tried instead on input line 10.

pdfTeX warning (ext4): destination with the same identifier (name{page.1}) has been already used, duplicate ignored
<to be read again> 
                   \relax 
l.10 \part{    }
                                               [1



]
LaTeX Font Info:    Trying to load font information for OT1+ntxsups on input line 11.
 (/opt/homebrew/Cellar/texlive/20220321_3/share/texmf-dist/tex/latex/newtx/ot1ntxsups.fd
File: ot1ntxsups.fd 2015/01/17 v1.0
)
LaTeX Font Info:    Font shape `OT1/ntxsups/m/n' will be
(Font)              scaled to size 10.0pt on input line 11.
LaTeX Font Info:    Font shape `OT1/ntxsups/m/n' will be
(Font)              scaled to size 8.5pt on input line 11.

pdfTeX warning (ext4): destination with the same identifier (name{page.2}) has been already used, duplicate ignored
<to be read again> 
                   \relax 
l.13 \end{partbacktext}
                        [2])
\openout2 = `author/chapter.aux'.

 (./author/chapter.tex
Chapter 1.
LaTeX Font Info:    Font shape `OT1/ntxtlf/b/n' will be
(Font)              scaled to size 14.0pt on input line 9.
LaTeX Font Info:    Font shape `LUC/nanummj/b/n' in size <16> not available
(Font)              Font shape `LUC/nanummj/bx/n' tried instead on input line 9.
LaTeX Font Info:    Font shape `OT1/ntxtlf/b/n' will be
(Font)              scaled to size 12.0pt on input line 20.

Underfull \hbox (badness 10000) in paragraph at lines 22--24

 []

LaTeX Font Info:    Font shape `OT1/ntxtlf/m/n' will be
(Font)              scaled to size 7.3pt on input line 32.
[3





]
LaTeX Font Info:    Font shape `OT1/ntxtt/m/n' will be
(Font)              scaled to size 8.5pt on input line 47.
LaTeX Font Info:    Font shape `OT1/ntxtlf/b/n' will be
(Font)              scaled to size 8.5pt on input line 47.
LaTeX Font Info:    Font shape `OT1/ntxtlf/b/it' will be
(Font)              scaled to size 8.5pt on input line 47.
LaTeX Font Info:    Font shape `OT1/ntxtlf/m/n' will be
(Font)              scaled to size 11.0pt on input line 60.
LaTeX Font Info:    Font shape `OT1/ntxtlf/b/n' will be
(Font)              scaled to size 11.0pt on input line 60.
LaTeX Font Info:    Font shape `OT1/ntxtlf/m/it' will be
(Font)              scaled to size 8.5pt on input line 70.
<images//figure.pdf, id=177, 139.52126pt x 195.73125pt>
File: images//figure.pdf Graphic file (type pdf)
<use images//figure.pdf>
Package pdftex.def Info: images//figure.pdf  used on input line 86.
(pdftex.def)             Requested size: 90.68773pt x 127.22379pt.
 [4]
LaTeX Font Info:    Trying to load font information for TS1+ntxtlf on input line 115.
 (/opt/homebrew/Cellar/texlive/20220321_3/share/texmf-dist/tex/latex/newtx/ts1ntxtlf.fd
File: ts1ntxtlf.fd 2015/01/18 v1.0 fd file for TS1/ntxtlf
)
LaTeX Font Info:    Font shape `TS1/ntxtlf/m/n' will be
(Font)              scaled to size 10.0pt on input line 115.
 [5 <./images//figure.pdf>]
File: images//figure.pdf Graphic file (type pdf)
<use images//figure.pdf>
Package pdftex.def Info: images//figure.pdf  used on input line 133.
(pdftex.def)             Requested size: 90.68773pt x 127.22379pt.
LaTeX Font Info:    Font shape `OT1/ntxtlf/b/it' will be
(Font)              scaled to size 10.0pt on input line 139.
LaTeX Font Info:    Calculating math sizes for size <8.5> on input line 152.

Overfull \hbox (0.61853pt too wide) in paragraph at lines 152--163
[][]
 []

[6]
Package hyperref Info: bookmark level for unknown proof defaults to 0 on input line 212.
 [7]
Overfull \hbox (3.0pt too wide) detected at line 238
 [] 
 []

LaTeX Font Info:    Font shape `TS1/ntxtlf/b/n' will be
(Font)              scaled to size 10.0pt on input line 245.
LaTeX Font Info:    Trying to load font information for OT1+qhv on input line 245.
(/opt/homebrew/Cellar/texlive/20220321_3/share/texmf-dist/tex/latex/tex-gyre/ot1qhv.fd
File: ot1qhv.fd 2009/09/25 v1.2 font definition file for OT1/qhv
)
LaTeX Font Info:    Font shape `OT1/qhv/m/n' will be
(Font)              scaled to size 9.40002pt on input line 245.
LaTeX Font Info:    Font shape `OT1/qhv/b/n' will be
(Font)              scaled to size 9.40002pt on input line 245.

Overfull \hbox (3.0pt too wide) detected at line 245
 [] 
 []


Overfull \hbox (3.0pt too wide) detected at line 253
 [] 
 []

[8]
Overfull \hbox (3.0pt too wide) detected at line 261
 [] 
 []


Overfull \hbox (3.0pt too wide) detected at line 268
 [] 
 []


Overfull \hbox (3.0pt too wide) detected at line 280
 [] 
 []


Overfull \hbox (3.0pt too wide) detected at line 288
 [] 
 []

[9

]
Overfull \hbox (3.0pt too wide) detected at line 295
 [] 
 []


Overfull \hbox (3.0pt too wide) detected at line 306
 [] 
 []

(./author/references.tex [10

] [11])) [12]
\openout2 = `author/chapter2.aux'.

 (./author/chapter2.tex
Chapter 2.
[13





]
File: images//figure.pdf Graphic file (type pdf)
<use images//figure.pdf>
Package pdftex.def Info: images//figure.pdf  used on input line 82.
(pdftex.def)             Requested size: 90.68773pt x 127.22379pt.
 [14] [15]
File: images//figure.pdf Graphic file (type pdf)
<use images//figure.pdf>
Package pdftex.def Info: images//figure.pdf  used on input line 129.
(pdftex.def)             Requested size: 90.68773pt x 127.22379pt.

Overfull \hbox (0.61853pt too wide) in paragraph at lines 148--159
[][]
 []

[16] [17]
Overfull \hbox (3.0pt too wide) detected at line 234
 [] 
 []


Overfull \hbox (3.0pt too wide) detected at line 241
 [] 
 []


Overfull \hbox (3.0pt too wide) detected at line 249
 [] 
 []

[18]
Overfull \hbox (3.0pt too wide) detected at line 257
 [] 
 []


Overfull \hbox (3.0pt too wide) detected at line 264
 [] 
 []


Overfull \hbox (3.0pt too wide) detected at line 276
 [] 
 []


Overfull \hbox (3.0pt too wide) detected at line 284
 [] 
 []

[19

]
Overfull \hbox (3.0pt too wide) detected at line 291
 [] 
 []


Overfull \hbox (3.0pt too wide) detected at line 302
 [] 
 []

(./author/references.tex [20

]
pdfTeX warning (ext4): destination with the same identifier (name{cite.science-contrib}) has been already used, duplicate ignored
<to be read again> 
                   \relax 
l.36 \bibitem{science-contrib}
                               Broy, M.: Software engineering --- from auxil...
pdfTeX warning (ext4): destination with the same identifier (name{cite.science-online}) has been already used, duplicate ignored
<to be read again> 
                   \relax 
l.39 \bibitem{science-online}
                              Dod, J.: Effective substances. In: The Diction...
pdfTeX warning (ext4): destination with the same identifier (name{cite.science-mono}) has been already used, duplicate ignored
<to be read again> 
                   \relax 
l.43 \bibitem{science-mono}
                            Geddes, K.O., Czapor, S.R., Labahn, G.: Algorith...
pdfTeX warning (ext4): destination with the same identifier (name{cite.science-journal}) has been already used, duplicate ignored
<to be read again> 
                   \relax 
l.46 \bibitem{science-journal}
                               Hamburger, C.: Quasimonotonicity, regularity ...
pdfTeX warning (ext4): destination with the same identifier (name{cite.science-DOI}) has been already used, duplicate ignored
<to be read again> 
                   \relax 
l.49 \bibitem{science-DOI}
                           Slifka, M.K., Whitton, J.L.: Clinical implication...
pdfTeX warning (ext4): destination with the same identifier (name{cite.phys-online}) has been already used, duplicate ignored
<to be read again> 
                   \relax 
l.58 \bibitem{phys-online}
                           J. Dod, in \textit{The Dictionary of Substances a... [21]
pdfTeX warning (ext4): destination with the same identifier (name{cite.phys-mono}) has been already used, duplicate ignored
<to be read again> 
                   \relax 
l.62 \bibitem{phys-mono}
                         H. Ibach, H. L\"uth, \textit{Solid-State Physics}, ...
pdfTeX warning (ext4): destination with the same identifier (name{cite.phys-journal}) has been already used, duplicate ignored
<to be read again> 
                   \relax 
l.65 \bibitem{phys-journal}
                            S. Preuss, A. Demchuk Jr., M. Stuke, Appl. Phys....
pdfTeX warning (ext4): destination with the same identifier (name{cite.phys-DOI}) has been already used, duplicate ignored
<to be read again> 
                   \relax 
l.68 \bibitem{phys-DOI}
                        M.K. Slifka, J.L. Whitton, J. Mol. Med., doi: 10.100...
pdfTeX warning (ext4): destination with the same identifier (name{cite.phys-contrib}) has been already used, duplicate ignored
<to be read again> 
                   \relax 
l.71 \bibitem{phys-contrib}
                            S.E. Smith, in \textit{Neuromuscular Junction}, ...
pdfTeX warning (ext4): destination with the same identifier (name{cite.psysoc-mono}) has been already used, duplicate ignored
<to be read again> 
                   \relax 
l.81 \bibitem{psysoc-mono}
                           Calfee, R.~C., \& Valencia, R.~R. (1991). \textit...
pdfTeX warning (ext4): destination with the same identifier (name{cite.psysoc-online}) has been already used, duplicate ignored
<to be read again> 
                   \relax 
l.84 \bibitem{psysoc-online}
                             Dod, J. (1999). Effective substances. In: The d...
pdfTeX warning (ext4): destination with the same identifier (name{cite.psysoc-journal}) has been already used, duplicate ignored
<to be read again> 
                   \relax 
l.88 \bibitem{psysoc-journal}
                              Harris, M., Karper, E., Stacks, G., Hoffman, D...
pdfTeX warning (ext4): destination with the same identifier (name{cite.psysoc-contrib}) has been already used, duplicate ignored
<to be read again> 
                   \relax 
l.91 \bibitem{psysoc-contrib}
                              O'Neil, J.~M., \& Egan, J. (1992). Men's and w...
pdfTeX warning (ext4): destination with the same identifier (name{cite.psysoc-DOI}) has been already used, duplicate ignored
<to be read again> 
                   \relax 
l.94 \bibitem{psysoc-DOI}
                         Kreger, M., Brindis, C.D., Manuel, D.M., Sassoubre,...
pdfTeX warning (ext4): destination with the same identifier (name{cite.humlinphil-journal}) has been already used, duplicate ignored
<to be read again> 
                   \relax 
l.104 \bibitem{humlinphil-journal}
                                   Alber John, Daniel C. O'Connell, and Sabi...
pdfTeX warning (ext4): destination with the same identifier (name{cite.humlinphil-contrib}) has been already used, duplicate ignored
<to be read again> 
                   \relax 
l.107 \bibitem{humlinphil-contrib}
                                   Cameron, Deborah. 1997. Theoretical debat...
pdfTeX warning (ext4): destination with the same identifier (name{cite.humlinphil-mono}) has been already used, duplicate ignored
<to be read again> 
                   \relax 
l.110 \bibitem{humlinphil-mono}
                                Cameron, Deborah. 1985. \textit{Feminism and...
pdfTeX warning (ext4): destination with the same identifier (name{cite.humlinphil-online}) has been already used, duplicate ignored
<to be read again> 
                   \relax 
l.113 \bibitem{humlinphil-online}
                                  Dod, Jake. 1999. Effective substances. In:...
pdfTeX warning (ext4): destination with the same identifier (name{cite.humlinphil-DOI}) has been already used, duplicate ignored
<to be read again> 
                   \relax 
l.117 \bibitem{humlinphil-DOI}
                               Suleiman, Camelia, Daniel C. O'Connell, and S...
pdfTeX warning (ext4): destination with the same identifier (name{cite.basic-contrib}) has been already used, duplicate ignored
<to be read again> 
                   \relax 
l.130 \bibitem{basic-contrib}
                              Brown B, Aaron M (2001) The politics of nature...
pdfTeX warning (ext4): destination with the same identifier (name{cite.basic-online}) has been already used, duplicate ignored
<to be read again> 
                   \relax 
l.133 \bibitem{basic-online}
                             Dod J (1999) Effective Substances. In: The dict...
pdfTeX warning (ext4): destination with the same identifier (name{cite.basic-DOI}) has been already used, duplicate ignored
<to be read again> 
                   \relax 
l.137 \bibitem{basic-DOI}
                          Slifka MK, Whitton JL (2000) Clinical implications...
pdfTeX warning (ext4): destination with the same identifier (name{cite.basic-journal}) has been already used, duplicate ignored
<to be read again> 
                   \relax 
l.140 \bibitem{basic-journal}
                              Smith J, Jones M Jr, Houghton L et al (1999) F...
pdfTeX warning (ext4): destination with the same identifier (name{cite.basic-mono}) has been already used, duplicate ignored
<to be read again> 
                   \relax 
l.143 \bibitem{basic-mono}
                           South J, Blass B (2001) The future of modern geno...)) [22]
\openout2 = `author/appendix.aux'.

 (./author/appendix.tex
Appendix A.
LaTeX Font Info:    Calculating math sizes for size <16> on input line 11.
File: images//figure.pdf Graphic file (type pdf)
<use images//figure.pdf>
Package pdftex.def Info: images//figure.pdf  used on input line 58.
(pdftex.def)             Requested size: 90.68773pt x 127.22379pt.
[23





]
Overfull \hbox (0.61853pt too wide) in paragraph at lines 70--81
[][]
 []

) [24]
\openout2 = `author2/part.aux'.

 (./author2/part.tex [25





] [26])
\openout2 = `author/glossary.aux'.

 (./author/glossary.tex) [27







]
\openout2 = `author/solutions.aux'.

 (./author/solutions.tex [28





]) [29] (./book.ind [30




] [31])
\tf@thm=\write6
\openout6 = `book.thm'.

 (./book.aux (./author/dedication.aux) (./author/foreword.aux) (./author/preface.aux) (./author/acknowledgement.aux) (./author/acronym.aux) (./author/part.aux) (./author/chapter.aux) (./author/chapter2.aux) (./author/appendix.aux) (./author2/part.aux) (./author/glossary.aux) (./author/solutions.aux))

LaTeX Font Warning: Some font shapes were not available, defaults substituted.


LaTeX Warning: There were multiply-defined labels.

 ) 
Here is how much of TeX's memory you used:
 17693 strings out of 478268
 272590 string characters out of 5835367
 571032 words of memory out of 5000000
 35216 multiletter control sequences out of 15000+600000
 581844 words of font info for 267 fonts, out of 8000000 for 9000
 1141 hyphenation exceptions out of 8191
 69i,12n,76p,816b,656s stack positions out of 10000i,1000n,20000p,200000b,200000s
{/opt/homebrew/Cellar/texlive/20220321_3/share/texmf-dist/fonts/enc/dvips/tex-gyre/q-rm.enc}{/opt/homebrew/Cellar/texlive/20220321_3/share/texmf-dist/fonts/enc/dvips/tex-gyre/q-ts1.enc}{/opt/homebrew/Cellar/texlive/20220321_3/share/texmf-dist/fonts/enc/dvips/newtx/ntx-ot1-tlf.enc}{/opt/homebrew/Cellar/texlive/20220321_3/share/texmf-dist/fonts/enc/dvips/newtx/ntxsups_ot1.enc}</opt/homebrew/Cellar/texlive/20220321_3/share/texmf-dist/fonts/type1/public/newtx/NewTXMI.pfb></opt/homebrew/Cellar/texlive/20220321_3/share/texmf-dist/fonts/type1/public/newtx/NewTXMI5.pfb></opt/homebrew/Cellar/texlive/20220321_3/share/texmf-dist/fonts/type1/public/newtx/NewTXMI7.pfb></opt/homebrew/Cellar/texlive/20220321_3/share/texmf-dist/fonts/type1/public/nanumtype1/nanummjbac.pfb></opt/homebrew/Cellar/texlive/20220321_3/share/texmf-dist/fonts/type1/public/nanumtype1/nanummjbad.pfb></opt/homebrew/Cellar/texlive/20220321_3/share/texmf-dist/fonts/type1/public/nanumtype1/nanummjbba.pfb></opt/homebrew/Cellar/texlive/20220321_3/share/texmf-dist/fonts/type1/public/nanumtype1/nanummjbbb.pfb></opt/homebrew/Cellar/texlive/20220321_3/share/texmf-dist/fonts/type1/public/nanumtype1/nanummjbbc.pfb></opt/homebrew/Cellar/texlive/20220321_3/share/texmf-dist/fonts/type1/public/nanumtype1/nanummjbc1.pfb></opt/homebrew/Cellar/texlive/20220321_3/share/texmf-dist/fonts/type1/public/nanumtype1/nanummjbc2.pfb></opt/homebrew/Cellar/texlive/20220321_3/share/texmf-dist/fonts/type1/public/nanumtype1/nanummjbc7.pfb></opt/homebrew/Cellar/texlive/20220321_3/share/texmf-dist/fonts/type1/public/nanumtype1/nanummjbd4.pfb></opt/homebrew/Cellar/texlive/20220321_3/share/texmf-dist/fonts/type1/public/nanumtype1/nanummjmac.pfb></opt/homebrew/Cellar/texlive/20220321_3/share/texmf-dist/fonts/type1/public/nanumtype1/nanummjmad.pfb></opt/homebrew/Cellar/texlive/20220321_3/share/texmf-dist/fonts/type1/public/nanumtype1/nanummjmae.pfb></opt/homebrew/Cellar/texlive/20220321_3/share/texmf-dist/fonts/type1/public/nanumtype1/nanummjmb1.pfb></opt/homebrew/Cellar/texlive/20220321_3/share/texmf-dist/fonts/type1/public/nanumtype1/nanummjmb2.pfb></opt/homebrew/Cellar/texlive/20220321_3/share/texmf-dist/fonts/type1/public/nanumtype1/nanummjmb4.pfb></opt/homebrew/Cellar/texlive/20220321_3/share/texmf-dist/fonts/type1/public/nanumtype1/nanummjmb7.pfb></opt/homebrew/Cellar/texlive/20220321_3/share/texmf-dist/fonts/type1/public/nanumtype1/nanummjmb8.pfb></opt/homebrew/Cellar/texlive/20220321_3/share/texmf-dist/fonts/type1/public/nanumtype1/nanummjmb9.pfb></opt/homebrew/Cellar/texlive/20220321_3/share/texmf-dist/fonts/type1/public/nanumtype1/nanummjmbb.pfb></opt/homebrew/Cellar/texlive/20220321_3/share/texmf-dist/fonts/type1/public/nanumtype1/nanummjmbc.pfb></opt/homebrew/Cellar/texlive/20220321_3/share/texmf-dist/fonts/type1/public/nanumtype1/nanummjmc0.pfb></opt/homebrew/Cellar/texlive/20220321_3/share/texmf-dist/fonts/type1/public/nanumtype1/nanummjmc1.pfb></opt/homebrew/Cellar/texlive/20220321_3/share/texmf-dist/fonts/type1/public/nanumtype1/nanummjmc2.pfb></opt/homebrew/Cellar/texlive/20220321_3/share/texmf-dist/fonts/type1/public/nanumtype1/nanummjmc5.pfb></opt/homebrew/Cellar/texlive/20220321_3/share/texmf-dist/fonts/type1/public/nanumtype1/nanummjmc6.pfb></opt/homebrew/Cellar/texlive/20220321_3/share/texmf-dist/fonts/type1/public/nanumtype1/nanummjmc7.pfb></opt/homebrew/Cellar/texlive/20220321_3/share/texmf-dist/fonts/type1/public/nanumtype1/nanummjmc8.pfb></opt/homebrew/Cellar/texlive/20220321_3/share/texmf-dist/fonts/type1/public/nanumtype1/nanummjmc9.pfb></opt/homebrew/Cellar/texlive/20220321_3/share/texmf-dist/fonts/type1/public/nanumtype1/nanummjmd1.pfb></opt/homebrew/Cellar/texlive/20220321_3/share/texmf-dist/fonts/type1/public/nanumtype1/nanummjmd3.pfb></opt/homebrew/Cellar/texlive/20220321_3/share/texmf-dist/fonts/type1/public/nanumtype1/nanummjmd5.pfb></opt/homebrew/Cellar/texlive/20220321_3/share/texmf-dist/fonts/type1/public/nanumtype1/nanummjmd6.pfb></opt/homebrew/Cellar/texlive/20220321_3/share/texmf-dist/fonts/type1/public/newtx/ntxsups-Regular.pfb></opt/homebrew/Cellar/texlive/20220321_3/share/texmf-dist/fonts/type1/public/tex-gyre/qhvb.pfb></opt/homebrew/Cellar/texlive/20220321_3/share/texmf-dist/fonts/type1/public/tex-gyre/qtmb.pfb></opt/homebrew/Cellar/texlive/20220321_3/share/texmf-dist/fonts/type1/public/tex-gyre/qtmr.pfb></opt/homebrew/Cellar/texlive/20220321_3/share/texmf-dist/fonts/type1/public/newtx/txexs.pfb></opt/homebrew/Cellar/texlive/20220321_3/share/texmf-dist/fonts/type1/public/newtx/txmiaX.pfb></opt/homebrew/Cellar/texlive/20220321_3/share/texmf-dist/fonts/type1/public/txfonts/txsya.pfb></opt/homebrew/Cellar/texlive/20220321_3/share/texmf-dist/fonts/type1/public/newtx/txsys.pfb></opt/homebrew/Cellar/texlive/20220321_3/share/texmf-dist/fonts/type1/public/txfonts/txtt.pfb></opt/homebrew/Cellar/texlive/20220321_3/share/texmf-dist/fonts/type1/uhc/umj/umj02.pfb></opt/homebrew/Cellar/texlive/20220321_3/share/texmf-dist/fonts/type1/public/newtx/ztmb.pfb></opt/homebrew/Cellar/texlive/20220321_3/share/texmf-dist/fonts/type1/public/newtx/ztmbi.pfb></opt/homebrew/Cellar/texlive/20220321_3/share/texmf-dist/fonts/type1/public/newtx/ztmr.pfb></opt/homebrew/Cellar/texlive/20220321_3/share/texmf-dist/fonts/type1/public/newtx/ztmri.pfb>
Output written on book.pdf (45 pages, 1581426 bytes).
PDF statistics:
 861 PDF objects out of 1000 (max. 8388607)
 707 compressed objects within 8 object streams
 178 named destinations out of 1000 (max. 500000)
 214 words of extra memory for PDF output out of 10000 (max. 10000000)

